2019-04-10 21:41:37.844 INFO  com.lizhi.netty3.ChatServer - Handler[0] channelRegistered()
2019-04-10 21:41:37.917 INFO  com.lizhi.netty3.ChatServer - Handler[0] channelReadComplete()
2019-04-10 21:41:37.920 INFO  com.lizhi.netty3.ChatServer - Handler[0] channelReadComplete()
2019-04-10 21:41:40.264 INFO  com.lizhi.netty3.ChatServer - Handler[0] channelRead()
2019-04-10 21:41:40.264 INFO  com.lizhi.netty3.ChatServer - Handler[1] channelRead()
2019-04-10 21:41:40.264 INFO  com.lizhi.netty3.ChatServer -  receive message:TextWebSocketFrame(data: UnpooledUnsafeDirectByteBuf(ridx: 0, widx: 1, cap: 1))
2019-04-10 21:41:40.265 INFO  com.lizhi.netty3.ChatServer - Handler[0] channelReadComplete()
2019-04-10 21:42:07.300 INFO  com.lizhi.netty3.ChatServer - Handler[0] channelRead()
2019-04-10 21:42:07.301 INFO  com.lizhi.netty3.ChatServer - Handler[1] channelRead()
2019-04-10 21:42:07.301 INFO  com.lizhi.netty3.ChatServer -  receive message:TextWebSocketFrame(data: UnpooledUnsafeDirectByteBuf(ridx: 0, widx: 2, cap: 2))
2019-04-10 21:43:37.099 INFO  com.lizhi.netty3.ChatServer - Handler[0] channelReadComplete()
2019-04-10 21:44:25.045 INFO  com.lizhi.netty3.ChatServer - Handler[0] channelRegistered()
2019-04-10 21:44:25.104 INFO  com.lizhi.netty3.ChatServer - Handler[0] channelReadComplete()
2019-04-10 21:44:25.107 INFO  com.lizhi.netty3.ChatServer - Handler[0] channelReadComplete()
2019-04-10 21:44:26.320 INFO  com.lizhi.netty3.ChatServer - Handler[0] channelRead()
2019-04-10 21:44:26.321 INFO  com.lizhi.netty3.ChatServer - Handler[1] channelRead()
2019-04-10 21:44:26.321 INFO  com.lizhi.netty3.ChatServer -  receive message:TextWebSocketFrame(data: UnpooledUnsafeDirectByteBuf(ridx: 0, widx: 1, cap: 1))
2019-04-10 21:44:28.679 INFO  com.lizhi.netty3.ChatServer - Handler[0] channelReadComplete()
2019-04-10 21:44:41.036 INFO  com.lizhi.netty3.ChatServer - Handler[0] channelRead()
2019-04-10 21:44:41.037 INFO  com.lizhi.netty3.ChatServer - Handler[1] channelRead()
2019-04-10 21:44:41.037 INFO  com.lizhi.netty3.ChatServer -  receive message:TextWebSocketFrame(data: UnpooledUnsafeDirectByteBuf(ridx: 0, widx: 2, cap: 2))
2019-04-10 21:44:44.579 INFO  com.lizhi.netty3.ChatServer - Handler[0] channelReadComplete()
2019-04-10 21:45:38.526 INFO  com.lizhi.netty3.ChatServer - Handler[0] channelRegistered()
2019-04-10 21:45:38.579 INFO  com.lizhi.netty3.ChatServer - Handler[0] channelReadComplete()
2019-04-10 21:45:38.582 INFO  com.lizhi.netty3.ChatServer - Handler[0] channelReadComplete()
2019-04-10 21:45:41.120 INFO  com.lizhi.netty3.ChatServer - Handler[0] channelRead()
2019-04-10 21:45:41.120 INFO  com.lizhi.netty3.ChatServer - Handler[1] channelRead()
2019-04-10 21:45:41.120 INFO  com.lizhi.netty3.ChatServer -  receive message:12
2019-04-10 21:45:43.539 INFO  com.lizhi.netty3.ChatServer - Handler[0] channelReadComplete()
2019-04-10 21:48:21.356 INFO  com.lizhi.netty3.ChatServer - Handler[0] channelRead()
2019-04-10 21:48:21.357 INFO  com.lizhi.netty3.ChatServer - Handler[1] channelRead()
2019-04-10 21:48:21.357 INFO  com.lizhi.netty3.ChatServer -  receive message:213
2019-04-10 21:48:21.358 INFO  com.lizhi.netty3.ChatServer - Handler[0] channelReadComplete()
2019-04-10 21:48:38.660 INFO  com.lizhi.netty3.ChatServer - Handler[0] channelReadComplete()
2019-04-10 21:48:38.661 INFO  com.lizhi.netty3.ChatServer - Handler[1] handlerRemoved()
2019-04-10 21:48:38.662 INFO  com.lizhi.netty3.ChatServer - Handler[0] handlerRemoved()
2019-04-10 21:52:29.648 INFO  com.lizhi.netty3.ChatServer - Handler[0] channelRegistered()
2019-04-10 21:52:29.651 INFO  com.lizhi.netty3.ChatServer - Handler[0] channelReadComplete()
2019-04-10 21:52:29.651 INFO  com.lizhi.netty3.ChatServer - Handler[0] channelReadComplete()
2019-04-10 21:52:31.045 INFO  com.lizhi.netty3.ChatServer - Handler[0] channelRead()
2019-04-10 21:52:31.046 INFO  com.lizhi.netty3.ChatServer - Handler[1] channelRead()
2019-04-10 21:52:31.046 INFO  com.lizhi.netty3.ChatServer -  receive message:12
2019-04-10 21:52:31.046 INFO  com.lizhi.netty3.ChatServer - Handler[0] channelReadComplete()
2019-04-10 21:52:32.053 INFO  com.lizhi.netty3.ChatServer - Handler[0] channelRead()
2019-04-10 21:52:32.053 INFO  com.lizhi.netty3.ChatServer - Handler[1] channelRead()
2019-04-10 21:52:32.054 INFO  com.lizhi.netty3.ChatServer -  receive message:12
2019-04-10 21:52:32.054 INFO  com.lizhi.netty3.ChatServer - Handler[0] channelReadComplete()
2019-04-10 21:53:15.165 INFO  com.lizhi.netty3.ChatServer - Handler[0] channelRead()
2019-04-10 21:53:15.165 INFO  com.lizhi.netty3.ChatServer - Handler[1] channelRead()
2019-04-10 21:53:15.165 INFO  com.lizhi.netty3.ChatServer -  receive message:21
2019-04-10 21:53:15.166 INFO  com.lizhi.netty3.ChatServer - Handler[0] channelReadComplete()
2019-04-10 21:53:45.521 INFO  com.lizhi.netty3.ChatServer - Handler[0] channelReadComplete()
2019-04-10 21:53:45.521 INFO  com.lizhi.netty3.ChatServer - Handler[1] handlerRemoved()
2019-04-10 21:53:45.521 INFO  com.lizhi.netty3.ChatServer - Handler[0] handlerRemoved()
2019-04-10 21:53:45.543 INFO  com.lizhi.netty3.ChatServer - Handler[0] channelRegistered()
2019-04-10 21:53:45.545 INFO  com.lizhi.netty3.ChatServer - Handler[0] channelReadComplete()
2019-04-10 21:53:45.545 INFO  com.lizhi.netty3.ChatServer - Handler[0] channelReadComplete()
2019-04-10 21:54:33.691 INFO  com.lizhi.netty3.ChatServer - Handler[0] channelRegistered()
2019-04-10 21:54:33.693 INFO  com.lizhi.netty3.ChatServer - Handler[0] channelReadComplete()
2019-04-10 21:54:33.693 INFO  com.lizhi.netty3.ChatServer - Handler[0] channelReadComplete()
2019-04-10 21:54:35.733 INFO  com.lizhi.netty3.ChatServer - Handler[0] channelRead()
2019-04-10 21:54:35.734 INFO  com.lizhi.netty3.ChatServer - Handler[1] channelRead()
2019-04-10 21:54:35.734 INFO  com.lizhi.netty3.ChatServer -  receive message:123
2019-04-10 21:54:35.734 INFO  com.lizhi.netty3.ChatServer - Handler[0] channelReadComplete()
2019-04-10 21:54:36.725 INFO  com.lizhi.netty3.ChatServer - Handler[0] channelRead()
2019-04-10 21:54:36.725 INFO  com.lizhi.netty3.ChatServer - Handler[1] channelRead()
2019-04-10 21:54:36.725 INFO  com.lizhi.netty3.ChatServer -  receive message:123
2019-04-10 21:54:36.726 INFO  com.lizhi.netty3.ChatServer - Handler[0] channelReadComplete()
2019-04-10 21:54:37.924 INFO  com.lizhi.netty3.ChatServer - Handler[0] channelRead()
2019-04-10 21:54:37.924 INFO  com.lizhi.netty3.ChatServer - Handler[1] channelRead()
2019-04-10 21:54:37.924 INFO  com.lizhi.netty3.ChatServer -  receive message:312
2019-04-10 21:54:37.925 INFO  com.lizhi.netty3.ChatServer - Handler[0] channelReadComplete()
2019-04-10 21:54:39.349 INFO  com.lizhi.netty3.ChatServer - Handler[0] channelRead()
2019-04-10 21:54:39.349 INFO  com.lizhi.netty3.ChatServer - Handler[1] channelRead()
2019-04-10 21:54:39.349 INFO  com.lizhi.netty3.ChatServer -  receive message:123
2019-04-10 21:54:39.350 INFO  com.lizhi.netty3.ChatServer - Handler[0] channelReadComplete()
2019-04-10 21:54:40.348 INFO  com.lizhi.netty3.ChatServer - Handler[0] channelRead()
2019-04-10 21:54:40.348 INFO  com.lizhi.netty3.ChatServer - Handler[1] channelRead()
2019-04-10 21:54:40.348 INFO  com.lizhi.netty3.ChatServer -  receive message:13
2019-04-10 21:54:40.349 INFO  com.lizhi.netty3.ChatServer - Handler[0] channelReadComplete()
2019-04-10 21:56:49.981 INFO  com.lizhi.netty3.ChatServer - Handler[0] channelRegistered()
2019-04-10 21:56:50.036 INFO  com.lizhi.netty3.ChatServer - Handler[0] channelReadComplete()
2019-04-10 21:56:50.039 INFO  com.lizhi.netty3.ChatServer - Handler[0] channelReadComplete()
2019-04-10 21:56:51.456 INFO  com.lizhi.netty3.ChatServer - Handler[0] channelRead()
2019-04-10 21:56:51.457 INFO  com.lizhi.netty3.ChatServer - Handler[1] channelRead()
2019-04-10 21:56:51.457 INFO  com.lizhi.netty3.ChatServer - receive message:123
2019-04-10 21:56:51.458 INFO  com.lizhi.netty3.ChatServer - Handler[0] channelReadComplete()
2019-04-10 21:57:38.376 INFO  com.lizhi.netty3.ChatServer - Handler[0] channelRegistered()
2019-04-10 21:57:38.427 INFO  com.lizhi.netty3.ChatServer - Handler[0] channelReadComplete()
2019-04-10 21:57:38.431 INFO  com.lizhi.netty3.ChatServer - Handler[0] channelReadComplete()
2019-04-10 21:57:40.946 INFO  com.lizhi.netty3.ChatServer - Handler[0] channelRead()
2019-04-10 21:57:40.947 INFO  com.lizhi.netty3.ChatServer - Handler[1] channelRead()
2019-04-10 21:57:40.947 INFO  com.lizhi.netty3.ChatServer - receive message:12
2019-04-10 21:57:59.899 INFO  com.lizhi.netty3.ChatServer - Handler[0] channelReadComplete()
2019-04-10 21:58:22.358 INFO  com.lizhi.netty3.ChatServer - Handler[0] channelRegistered()
2019-04-10 21:58:22.413 INFO  com.lizhi.netty3.ChatServer - Handler[0] channelReadComplete()
2019-04-10 21:58:22.416 INFO  com.lizhi.netty3.ChatServer - Handler[0] channelReadComplete()
2019-04-10 21:58:23.537 INFO  com.lizhi.netty3.ChatServer - Handler[0] channelRead()
2019-04-10 21:58:23.537 INFO  com.lizhi.netty3.ChatServer - Handler[1] channelRead()
2019-04-10 21:58:23.537 INFO  com.lizhi.netty3.ChatServer - receive message:12
2019-04-10 21:59:34.927 INFO  com.lizhi.netty3.ChatServer - Handler[0] channelReadComplete()
2019-04-10 21:59:38.332 INFO  com.lizhi.netty3.ChatServer - Handler[0] channelRead()
2019-04-10 21:59:38.332 INFO  com.lizhi.netty3.ChatServer - Handler[1] channelRead()
2019-04-10 21:59:38.332 INFO  com.lizhi.netty3.ChatServer - receive message:123
2019-04-10 21:59:40.748 INFO  com.lizhi.netty3.ChatServer - Handler[0] channelReadComplete()
2019-04-10 22:00:56.593 INFO  com.lizhi.netty3.ChatServer - Handler[0] channelRegistered()
2019-04-10 22:00:56.650 INFO  com.lizhi.netty3.ChatServer - Handler[0] channelReadComplete()
2019-04-10 22:00:56.653 INFO  com.lizhi.netty3.ChatServer - Handler[0] channelReadComplete()
2019-04-10 22:00:58.593 INFO  com.lizhi.netty3.ChatServer - Handler[0] channelRead()
2019-04-10 22:00:58.593 INFO  com.lizhi.netty3.ChatServer - Handler[1] channelRead()
2019-04-10 22:00:58.593 INFO  com.lizhi.netty3.ChatServer - receive message:123
2019-04-10 22:00:58.596 INFO  com.lizhi.netty3.ChatServer - Handler[0] channelReadComplete()
2019-04-10 22:01:04.541 INFO  com.lizhi.netty3.ChatServer - Handler[0] channelRead()
2019-04-10 22:01:04.541 INFO  com.lizhi.netty3.ChatServer - Handler[1] channelRead()
2019-04-10 22:01:04.541 INFO  com.lizhi.netty3.ChatServer - receive message:123
2019-04-10 22:01:04.542 INFO  com.lizhi.netty3.ChatServer - Handler[0] channelReadComplete()
2019-04-10 22:01:08.783 INFO  com.lizhi.netty3.ChatServer - Handler[0] channelRegistered()
2019-04-10 22:01:08.786 INFO  com.lizhi.netty3.ChatServer - Handler[0] channelReadComplete()
2019-04-10 22:01:08.787 INFO  com.lizhi.netty3.ChatServer - Handler[0] channelReadComplete()
2019-04-10 22:01:14.268 INFO  com.lizhi.netty3.ChatServer - Handler[0] channelRead()
2019-04-10 22:01:14.269 INFO  com.lizhi.netty3.ChatServer - Handler[1] channelRead()
2019-04-10 22:01:14.269 INFO  com.lizhi.netty3.ChatServer - receive message:看看
2019-04-10 22:01:14.272 INFO  com.lizhi.netty3.ChatServer - Handler[0] channelReadComplete()
2019-04-10 22:01:45.245 INFO  com.lizhi.netty3.ChatServer - Handler[0] channelRead()
2019-04-10 22:01:45.245 INFO  com.lizhi.netty3.ChatServer - Handler[1] channelRead()
2019-04-10 22:01:45.246 INFO  com.lizhi.netty3.ChatServer - receive message:123
2019-04-10 22:02:01.988 INFO  com.lizhi.netty3.ChatServer - Handler[0] channelReadComplete()
2019-04-10 22:02:13.598 INFO  com.lizhi.netty3.ChatServer - Handler[0] channelRead()
2019-04-10 22:02:13.598 INFO  com.lizhi.netty3.ChatServer - Handler[1] channelRead()
2019-04-10 22:02:13.598 INFO  com.lizhi.netty3.ChatServer - receive message:2
2019-04-10 22:02:17.258 INFO  com.lizhi.netty3.ChatServer - Handler[0] channelReadComplete()
2019-04-10 22:02:17.258 INFO  com.lizhi.netty3.ChatServer - Handler[0] channelRead()
2019-04-10 22:02:17.258 INFO  com.lizhi.netty3.ChatServer - Handler[1] channelRead()
2019-04-10 22:02:17.264 INFO  com.lizhi.netty3.ChatServer - receive message:
2019-04-10 22:02:18.259 INFO  com.lizhi.netty3.ChatServer - Handler[0] channelRead()
2019-04-10 22:02:18.263 INFO  com.lizhi.netty3.ChatServer - Handler[1] channelRead()
2019-04-10 22:02:18.263 INFO  com.lizhi.netty3.ChatServer - receive message:2
2019-04-10 22:02:19.562 INFO  com.lizhi.netty3.ChatServer - Handler[0] channelReadComplete()
2019-04-10 22:02:27.820 INFO  com.lizhi.netty3.ChatServer - Handler[0] channelRead()
2019-04-10 22:02:27.820 INFO  com.lizhi.netty3.ChatServer - Handler[1] channelRead()
2019-04-10 22:02:27.821 INFO  com.lizhi.netty3.ChatServer - receive message:2
2019-04-10 22:02:27.822 INFO  com.lizhi.netty3.ChatServer - Handler[0] channelReadComplete()
2019-04-10 22:05:40.730 INFO  com.lizhi.netty3.ChatServer - Handler[0] channelRegistered()
2019-04-10 22:05:40.794 INFO  com.lizhi.netty3.ChatServer - Handler[0] channelReadComplete()
2019-04-10 22:05:40.798 INFO  com.lizhi.netty3.ChatServer - Handler[0] channelReadComplete()
2019-04-10 22:05:41.984 INFO  com.lizhi.netty3.ChatServer - Handler[0] channelRead()
2019-04-10 22:05:41.984 INFO  com.lizhi.netty3.ChatServer - Handler[1] channelRead()
2019-04-10 22:05:41.984 INFO  com.lizhi.netty3.ChatServer - receive message:12
2019-04-10 22:05:41.988 INFO  com.lizhi.netty3.ChatServer - Handler[0] channelReadComplete()
2019-04-10 22:05:46.404 INFO  com.lizhi.netty3.ChatServer - Handler[0] channelRegistered()
2019-04-10 22:05:46.406 INFO  com.lizhi.netty3.ChatServer - Handler[0] channelReadComplete()
2019-04-10 22:05:46.406 INFO  com.lizhi.netty3.ChatServer - Handler[0] channelReadComplete()
2019-04-10 22:05:48.149 INFO  com.lizhi.netty3.ChatServer - Handler[0] channelRead()
2019-04-10 22:05:48.149 INFO  com.lizhi.netty3.ChatServer - Handler[1] channelRead()
2019-04-10 22:05:48.149 INFO  com.lizhi.netty3.ChatServer - receive message:213
2019-04-10 22:05:48.152 INFO  com.lizhi.netty3.ChatServer - Handler[0] channelReadComplete()
2019-04-10 22:05:51.533 INFO  com.lizhi.netty3.ChatServer - Handler[0] channelRead()
2019-04-10 22:05:51.533 INFO  com.lizhi.netty3.ChatServer - Handler[1] channelRead()
2019-04-10 22:05:51.533 INFO  com.lizhi.netty3.ChatServer - receive message:1
2019-04-10 22:05:51.534 INFO  com.lizhi.netty3.ChatServer - Handler[0] channelReadComplete()
2019-04-10 22:24:40.526 INFO  com.lizhi.netty3.ChatServer - Handler[0] channelRead()
2019-04-10 22:24:40.527 INFO  com.lizhi.netty3.ChatServer - Handler[1] channelRead()
2019-04-10 22:24:40.527 INFO  com.lizhi.netty3.ChatServer - receive message:123
2019-04-10 22:24:40.528 INFO  com.lizhi.netty3.ChatServer - Handler[0] channelReadComplete()
2019-04-10 22:24:42.774 INFO  com.lizhi.netty3.ChatServer - Handler[0] channelRead()
2019-04-10 22:24:42.774 INFO  com.lizhi.netty3.ChatServer - Handler[1] channelRead()
2019-04-10 22:24:42.774 INFO  com.lizhi.netty3.ChatServer - receive message:
2019-04-10 22:24:42.775 INFO  com.lizhi.netty3.ChatServer - Handler[0] channelReadComplete()
2019-04-10 22:24:43.070 INFO  com.lizhi.netty3.ChatServer - Handler[0] channelRead()
2019-04-10 22:24:43.070 INFO  com.lizhi.netty3.ChatServer - Handler[1] channelRead()
2019-04-10 22:24:43.070 INFO  com.lizhi.netty3.ChatServer - receive message:
2019-04-10 22:24:43.071 INFO  com.lizhi.netty3.ChatServer - Handler[0] channelReadComplete()
2019-04-10 22:24:43.686 INFO  com.lizhi.netty3.ChatServer - Handler[0] channelRead()
2019-04-10 22:24:43.686 INFO  com.lizhi.netty3.ChatServer - Handler[1] channelRead()
2019-04-10 22:24:43.686 INFO  com.lizhi.netty3.ChatServer - receive message:
2019-04-10 22:24:43.687 INFO  com.lizhi.netty3.ChatServer - Handler[0] channelReadComplete()
2019-04-10 22:24:44.094 INFO  com.lizhi.netty3.ChatServer - Handler[0] channelRead()
2019-04-10 22:24:44.094 INFO  com.lizhi.netty3.ChatServer - Handler[1] channelRead()
2019-04-10 22:24:44.094 INFO  com.lizhi.netty3.ChatServer - receive message:
2019-04-10 22:24:44.095 INFO  com.lizhi.netty3.ChatServer - Handler[0] channelReadComplete()
2019-04-10 22:33:56.525 INFO  com.lizhi.netty3.ChatServer - Handler[0] channelRegistered()
2019-04-10 22:33:56.587 INFO  com.lizhi.netty3.ChatServer - Handler[0] channelReadComplete()
2019-04-10 22:33:56.590 INFO  com.lizhi.netty3.ChatServer - Handler[0] channelReadComplete()
2019-04-10 22:33:57.693 INFO  com.lizhi.netty3.ChatServer - Handler[0] channelRegistered()
2019-04-10 22:33:57.695 INFO  com.lizhi.netty3.ChatServer - Handler[0] channelReadComplete()
2019-04-10 22:33:57.696 INFO  com.lizhi.netty3.ChatServer - Handler[0] channelReadComplete()
2019-04-10 22:33:59.931 INFO  com.lizhi.netty3.ChatServer - Handler[0] channelRead()
2019-04-10 22:33:59.935 INFO  com.lizhi.netty3.ChatServer - Handler[1] channelRead()
2019-04-10 22:33:59.935 INFO  com.lizhi.netty3.ChatServer - receive message:1
2019-04-10 22:33:59.939 INFO  com.lizhi.netty3.ChatServer - Handler[0] channelReadComplete()
2019-04-10 22:34:03.013 INFO  com.lizhi.netty3.ChatServer - Handler[0] channelRead()
2019-04-10 22:34:03.013 INFO  com.lizhi.netty3.ChatServer - Handler[1] channelRead()
2019-04-10 22:34:03.014 INFO  com.lizhi.netty3.ChatServer - receive message:2
2019-04-10 22:34:03.015 INFO  com.lizhi.netty3.ChatServer - Handler[0] channelReadComplete()
2019-04-10 22:34:07.134 INFO  com.lizhi.netty3.ChatServer - Handler[0] channelRead()
2019-04-10 22:34:07.134 INFO  com.lizhi.netty3.ChatServer - Handler[1] channelRead()
2019-04-10 22:34:07.134 INFO  com.lizhi.netty3.ChatServer - receive message:啥大
2019-04-10 22:34:07.135 INFO  com.lizhi.netty3.ChatServer - Handler[0] channelReadComplete()
2019-04-10 22:36:39.136 INFO  com.lizhi.netty3.ChatServer - Handler[0] channelRegistered()
2019-04-10 22:36:39.201 INFO  com.lizhi.netty3.ChatServer - Handler[0] channelReadComplete()
2019-04-10 22:36:39.205 INFO  com.lizhi.netty3.ChatServer - Handler[0] channelReadComplete()
2019-04-10 22:36:40.516 INFO  com.lizhi.netty3.ChatServer - Handler[0] channelRegistered()
2019-04-10 22:36:40.519 INFO  com.lizhi.netty3.ChatServer - Handler[0] channelReadComplete()
2019-04-10 22:36:40.519 INFO  com.lizhi.netty3.ChatServer - Handler[0] channelReadComplete()
2019-04-10 22:36:42.723 INFO  com.lizhi.netty3.ChatServer - Handler[0] channelRead()
2019-04-10 22:36:42.723 INFO  com.lizhi.netty3.ChatServer - Handler[1] channelRead()
2019-04-10 22:36:42.724 INFO  com.lizhi.netty3.ChatServer - receive message:213
2019-04-10 22:36:42.730 INFO  com.lizhi.netty3.ChatServer - Handler[0] channelReadComplete()
2019-04-10 22:36:52.975 INFO  com.lizhi.netty3.ChatServer - Handler[0] channelReadComplete()
2019-04-10 22:36:52.976 INFO  com.lizhi.netty3.ChatServer - Handler[1] handlerRemoved()
2019-04-10 22:36:52.977 INFO  com.lizhi.netty3.ChatServer - Handler[0] handlerRemoved()
2019-04-10 22:36:52.986 INFO  com.lizhi.netty3.ChatServer - Handler[0] channelRegistered()
2019-04-10 22:36:52.988 INFO  com.lizhi.netty3.ChatServer - Handler[0] channelReadComplete()
2019-04-10 22:36:52.988 INFO  com.lizhi.netty3.ChatServer - Handler[0] channelReadComplete()
